{"C:\\Users\\nirie\\Desktop\\Dev\\minesweeper\\src\\helpers\\CellsManipulator.ts": {"path":"C:\\Users\\nirie\\Desktop\\Dev\\minesweeper\\src\\helpers\\CellsManipulator.ts","statementMap":{"0":{"start":{"line":3,"column":34},"end":{"line":15,"column":2}},"1":{"start":{"line":6,"column":6},"end":{"line":15,"column":1}},"2":{"start":{"line":17,"column":32},"end":{"line":18,"column":54}},"3":{"start":{"line":18,"column":2},"end":{"line":18,"column":54}},"4":{"start":{"line":20,"column":35},"end":{"line":35,"column":1}},"5":{"start":{"line":21,"column":16},"end":{"line":21,"column":42}},"6":{"start":{"line":23,"column":2},"end":{"line":32,"column":3}},"7":{"start":{"line":24,"column":4},"end":{"line":30,"column":5}},"8":{"start":{"line":25,"column":21},"end":{"line":25,"column":25}},"9":{"start":{"line":26,"column":19},"end":{"line":26,"column":30}},"10":{"start":{"line":27,"column":6},"end":{"line":29,"column":7}},"11":{"start":{"line":28,"column":8},"end":{"line":28,"column":41}},"12":{"start":{"line":34,"column":1},"end":{"line":34,"column":13}}},"fnMap":{"0":{"name":"(anonymous_0)","decl":{"start":{"line":3,"column":34},"end":{"line":3,"column":35}},"loc":{"start":{"line":6,"column":6},"end":{"line":15,"column":1}},"line":6},"1":{"name":"(anonymous_1)","decl":{"start":{"line":17,"column":32},"end":{"line":17,"column":33}},"loc":{"start":{"line":18,"column":2},"end":{"line":18,"column":54}},"line":18},"2":{"name":"(anonymous_2)","decl":{"start":{"line":20,"column":35},"end":{"line":20,"column":36}},"loc":{"start":{"line":20,"column":69},"end":{"line":35,"column":1}},"line":20}},"branchMap":{"0":{"loc":{"start":{"line":18,"column":2},"end":{"line":18,"column":54}},"type":"binary-expr","locations":[{"start":{"line":18,"column":2},"end":{"line":18,"column":8}},{"start":{"line":18,"column":12},"end":{"line":18,"column":18}},{"start":{"line":18,"column":22},"end":{"line":18,"column":36}},{"start":{"line":18,"column":40},"end":{"line":18,"column":54}}],"line":18},"1":{"loc":{"start":{"line":24,"column":4},"end":{"line":30,"column":5}},"type":"if","locations":[{"start":{"line":24,"column":4},"end":{"line":30,"column":5}},{"start":{},"end":{}}],"line":24},"2":{"loc":{"start":{"line":27,"column":6},"end":{"line":29,"column":7}},"type":"if","locations":[{"start":{"line":27,"column":6},"end":{"line":29,"column":7}},{"start":{},"end":{}}],"line":27}},"s":{"0":2,"1":16,"2":2,"3":119,"4":2,"5":14,"6":14,"7":112,"8":56,"9":56,"10":56,"11":45,"12":14},"f":{"0":16,"1":119,"2":14},"b":{"0":[119,97,81,67],"1":[56,56],"2":[45,11]},"_coverageSchema":"1a1c01bbd47fc00a2c39e90264f33305004495a9","hash":"16a9ec87b0dfa6050436e7735f9b3cf1d900a3d1"}
,"C:\\Users\\nirie\\Desktop\\Dev\\minesweeper\\src\\helpers\\Field.ts": {"path":"C:\\Users\\nirie\\Desktop\\Dev\\minesweeper\\src\\helpers\\Field.ts","statementMap":{"0":{"start":{"line":7,"column":47},"end":{"line":13,"column":1}},"1":{"start":{"line":15,"column":35},"end":{"line":18,"column":77}},"2":{"start":{"line":18,"column":12},"end":{"line":18,"column":77}},"3":{"start":{"line":18,"column":49},"end":{"line":18,"column":76}},"4":{"start":{"line":20,"column":30},"end":{"line":47,"column":1}},"5":{"start":{"line":23,"column":2},"end":{"line":25,"column":3}},"6":{"start":{"line":24,"column":4},"end":{"line":24,"column":54}},"7":{"start":{"line":27,"column":25},"end":{"line":27,"column":36}},"8":{"start":{"line":28,"column":27},"end":{"line":28,"column":53}},"9":{"start":{"line":30,"column":17},"end":{"line":30,"column":42}},"10":{"start":{"line":32,"column":2},"end":{"line":44,"column":3}},"11":{"start":{"line":32,"column":15},"end":{"line":32,"column":16}},"12":{"start":{"line":33,"column":4},"end":{"line":43,"column":5}},"13":{"start":{"line":33,"column":17},"end":{"line":33,"column":18}},"14":{"start":{"line":34,"column":6},"end":{"line":36,"column":7}},"15":{"start":{"line":35,"column":8},"end":{"line":35,"column":21}},"16":{"start":{"line":37,"column":6},"end":{"line":41,"column":7}},"17":{"start":{"line":38,"column":8},"end":{"line":38,"column":38}},"18":{"start":{"line":39,"column":8},"end":{"line":39,"column":42}},"19":{"start":{"line":40,"column":8},"end":{"line":40,"column":29}},"20":{"start":{"line":42,"column":6},"end":{"line":42,"column":25}},"21":{"start":{"line":46,"column":2},"end":{"line":46,"column":15}}},"fnMap":{"0":{"name":"(anonymous_0)","decl":{"start":{"line":15,"column":35},"end":{"line":15,"column":36}},"loc":{"start":{"line":18,"column":12},"end":{"line":18,"column":77}},"line":18},"1":{"name":"(anonymous_1)","decl":{"start":{"line":18,"column":43},"end":{"line":18,"column":44}},"loc":{"start":{"line":18,"column":49},"end":{"line":18,"column":76}},"line":18},"2":{"name":"(anonymous_2)","decl":{"start":{"line":20,"column":30},"end":{"line":20,"column":31}},"loc":{"start":{"line":22,"column":12},"end":{"line":47,"column":1}},"line":22}},"branchMap":{"0":{"loc":{"start":{"line":17,"column":2},"end":{"line":17,"column":31}},"type":"default-arg","locations":[{"start":{"line":17,"column":16},"end":{"line":17,"column":31}}],"line":17},"1":{"loc":{"start":{"line":23,"column":2},"end":{"line":25,"column":3}},"type":"if","locations":[{"start":{"line":23,"column":2},"end":{"line":25,"column":3}},{"start":{},"end":{}}],"line":23},"2":{"loc":{"start":{"line":23,"column":6},"end":{"line":23,"column":32}},"type":"binary-expr","locations":[{"start":{"line":23,"column":6},"end":{"line":23,"column":17}},{"start":{"line":23,"column":21},"end":{"line":23,"column":32}}],"line":23},"3":{"loc":{"start":{"line":34,"column":6},"end":{"line":36,"column":7}},"type":"if","locations":[{"start":{"line":34,"column":6},"end":{"line":36,"column":7}},{"start":{},"end":{}}],"line":34},"4":{"loc":{"start":{"line":37,"column":6},"end":{"line":41,"column":7}},"type":"if","locations":[{"start":{"line":37,"column":6},"end":{"line":41,"column":7}},{"start":{},"end":{}}],"line":37}},"s":{"0":2,"1":2,"2":7,"3":21,"4":2,"5":7,"6":2,"7":5,"8":5,"9":5,"10":5,"11":5,"12":7,"13":7,"14":11,"15":2,"16":9,"17":7,"18":7,"19":7,"20":9,"21":3},"f":{"0":7,"1":21,"2":7},"b":{"0":[6],"1":[2,5],"2":[7,6],"3":[2,9],"4":[7,2]},"_coverageSchema":"1a1c01bbd47fc00a2c39e90264f33305004495a9","hash":"8cc8d1019777d371112e2314a33d56cc80bf8a4d"}
}
