{"C:\\Users\\nirie\\Desktop\\Dev\\minesweeper\\src\\hooks\\useMouseDown.ts": {"path":"C:\\Users\\nirie\\Desktop\\Dev\\minesweeper\\src\\hooks\\useMouseDown.ts","statementMap":{"0":{"start":{"line":11,"column":28},"end":{"line":18,"column":1}},"1":{"start":{"line":12,"column":36},"end":{"line":12,"column":51}},"2":{"start":{"line":14,"column":22},"end":{"line":14,"column":46}},"3":{"start":{"line":14,"column":28},"end":{"line":14,"column":46}},"4":{"start":{"line":15,"column":20},"end":{"line":15,"column":45}},"5":{"start":{"line":15,"column":26},"end":{"line":15,"column":45}},"6":{"start":{"line":17,"column":2},"end":{"line":17,"column":45}}},"fnMap":{"0":{"name":"(anonymous_0)","decl":{"start":{"line":11,"column":28},"end":{"line":11,"column":29}},"loc":{"start":{"line":11,"column":52},"end":{"line":18,"column":1}},"line":11},"1":{"name":"(anonymous_1)","decl":{"start":{"line":14,"column":22},"end":{"line":14,"column":23}},"loc":{"start":{"line":14,"column":28},"end":{"line":14,"column":46}},"line":14},"2":{"name":"(anonymous_2)","decl":{"start":{"line":15,"column":20},"end":{"line":15,"column":21}},"loc":{"start":{"line":15,"column":26},"end":{"line":15,"column":45}},"line":15}},"branchMap":{},"s":{"0":1,"1":3,"2":3,"3":1,"4":3,"5":1,"6":3},"f":{"0":3,"1":1,"2":1},"b":{},"_coverageSchema":"1a1c01bbd47fc00a2c39e90264f33305004495a9","hash":"3e9f6b63766fdfbb279eecaa33fc13c7b2f0474b"}
}
