TN:
SF:src\components\Scoreboard\Reset.tsx
FN:11,(anonymous_0)
FN:14,(anonymous_1)
FN:15,(anonymous_2)
FNF:3
FNH:1
FNDA:1,(anonymous_0)
FNDA:0,(anonymous_1)
FNDA:0,(anonymous_2)
DA:11,1
DA:12,1
DA:14,1
DA:15,1
DA:17,1
DA:29,1
LF:6
LH:6
BRDA:24,0,0,0
BRDA:24,0,1,1
BRF:2
BRH:1
end_of_record
TN:
SF:src\helpers\CellsManipulator.ts
FN:3,(anonymous_0)
FN:17,(anonymous_1)
FN:20,(anonymous_2)
FNF:3
FNH:3
FNDA:41,(anonymous_0)
FNDA:319,(anonymous_1)
FNDA:39,(anonymous_2)
DA:3,2
DA:6,41
DA:17,2
DA:18,319
DA:20,2
DA:21,39
DA:23,39
DA:24,312
DA:25,224
DA:26,224
DA:27,224
DA:28,186
DA:34,39
LF:13
LH:13
BRDA:18,0,0,319
BRDA:18,0,1,291
BRDA:18,0,2,275
BRDA:18,0,3,243
BRDA:24,1,0,224
BRDA:24,1,1,88
BRDA:27,2,0,186
BRDA:27,2,1,38
BRF:8
BRH:8
end_of_record
TN:
SF:src\helpers\Field.ts
FN:15,(anonymous_0)
FN:18,(anonymous_1)
FN:20,(anonymous_2)
FNF:3
FNH:3
FNDA:8,(anonymous_0)
FNDA:31,(anonymous_1)
FNDA:8,(anonymous_2)
DA:7,2
DA:15,2
DA:18,31
DA:20,2
DA:21,8
DA:22,2
DA:25,6
DA:26,6
DA:28,6
DA:30,6
DA:31,17
DA:32,110
DA:33,3
DA:35,107
DA:36,32
DA:37,32
DA:38,32
DA:40,107
DA:44,3
LF:19
LH:19
BRDA:17,0,0,7
BRDA:21,1,0,2
BRDA:21,1,1,6
BRDA:21,2,0,8
BRDA:21,2,1,7
BRDA:32,3,0,3
BRDA:32,3,1,107
BRDA:35,4,0,32
BRDA:35,4,1,75
BRF:9
BRH:9
end_of_record
