TN:
SF:src\helpers\CellsManipulator.ts
FN:3,(anonymous_0)
FN:17,(anonymous_1)
FN:20,(anonymous_2)
FNF:3
FNH:3
FNDA:9,(anonymous_0)
FNDA:63,(anonymous_1)
FNDA:7,(anonymous_2)
DA:3,1
DA:6,9
DA:17,1
DA:18,63
DA:20,1
DA:21,7
DA:23,7
DA:24,56
DA:25,38
DA:26,38
DA:27,38
DA:28,34
DA:34,7
LF:13
LH:13
BRDA:18,0,0,63
BRDA:18,0,1,53
BRDA:18,0,2,46
BRDA:18,0,3,42
BRDA:24,1,0,38
BRDA:24,1,1,18
BRDA:27,2,0,34
BRDA:27,2,1,4
BRF:8
BRH:8
end_of_record
TN:
SF:src\helpers\Field.ts
FN:13,(anonymous_0)
FN:16,(anonymous_1)
FN:18,(anonymous_2)
FNF:3
FNH:3
FNDA:7,(anonymous_0)
FNDA:21,(anonymous_1)
FNDA:7,(anonymous_2)
DA:5,2
DA:13,2
DA:16,21
DA:18,2
DA:21,7
DA:22,2
DA:25,5
DA:26,5
DA:28,5
DA:30,5
DA:31,7
DA:32,11
DA:33,3
DA:35,8
DA:36,7
DA:37,7
DA:39,8
DA:43,2
LF:18
LH:18
BRDA:15,0,0,6
BRDA:21,1,0,2
BRDA:21,1,1,5
BRDA:21,2,0,7
BRDA:21,2,1,6
BRDA:32,3,0,3
BRDA:32,3,1,8
BRDA:35,4,0,7
BRDA:35,4,1,1
BRF:9
BRH:9
end_of_record
